<?xml version="1.0" encoding="UTF-8"?>
<!-- Generated by org.testng.reporters.JUnitReportReporter -->
<testsuite hostname="LAP977PER" failures="0" tests="1" name="gitactions.test" time="6.989" errors="0" timestamp="2024-06-23T01:22:19 IST" skipped="0">
  <testcase classname="gitactions.test" name="testcase" time="6.989"/>
</testsuite> <!-- gitactions.test -->
